<?xml version="1.0" encoding="UTF-8"?>
<!-- Generated by org.testng.reporters.JUnitXMLReporter -->
<testsuite ignored="0" hostname="JV-LAP093" failures="0" tests="9" name="Default test" time="157.605" errors="0" timestamp="2024-09-14T12:39:46 NPT">
  <testcase classname="tests.SmokeTest" name="loginTest_invalidCredentials" time="12.347"/>
  <testcase classname="tests.SmokeTest" name="loginTest_validCredentials" time="13.508"/>
  <testcase classname="tests.SmokeTest" name="activity_createActivity" time="22.837"/>
  <testcase classname="tests.SmokeTest" name="activity_searchActivity" time="9.307"/>
  <testcase classname="tests.SmokeTest" name="activity_createSubActivity" time="20.874"/>
  <testcase classname="tests.SmokeTest" name="activity_deleteActivity" time="3.643"/>
  <testcase classname="tests.SmokeTest" name="adventure_createAdventure" time="53.035"/>
  <testcase classname="tests.SmokeTest" name="adventure_searchAdventure" time="12.381"/>
  <testcase classname="tests.SmokeTest" name="adventure_viewAdventure" time="4.572"/>
</testsuite> <!-- Default test -->
