<?xml version="1.0" encoding="UTF-8"?>
<!-- Generated by org.testng.reporters.JUnitXMLReporter -->
<testsuite ignored="0" hostname="JV-LAP093" failures="0" tests="9" name="Default test" time="165.477" errors="0" timestamp="2024-09-17T16:47:52 NPT">
  <testcase classname="tests.SmokeTest" name="loginTest_invalidCredentials" time="12.959"/>
  <testcase classname="tests.SmokeTest" name="loginTest_validCredentials" time="12.002"/>
  <testcase classname="tests.SmokeTest" name="activity_createActivity" time="22.778"/>
  <testcase classname="tests.SmokeTest" name="activity_searchActivity" time="9.526"/>
  <testcase classname="tests.SmokeTest" name="activity_createSubActivity" time="20.688"/>
  <testcase classname="tests.SmokeTest" name="activity_deleteActivity" time="3.375"/>
  <testcase classname="tests.SmokeTest" name="adventure_createAdventure" time="60.181"/>
  <testcase classname="tests.SmokeTest" name="adventure_searchAdventure" time="11.403"/>
  <testcase classname="tests.SmokeTest" name="adventure_viewAdventure" time="4.414"/>
</testsuite> <!-- Default test -->
