<?xml version="1.0" encoding="UTF-8"?>
<!-- Generated by org.testng.reporters.JUnitXMLReporter -->
<testsuite ignored="0" hostname="JV-LAP093" failures="0" tests="9" name="Command line test" time="156.867" errors="0" timestamp="2024-09-18T14:55:52 NPT">
  <testcase classname="tests.LoginTest" name="loginTest_invalidCredentials" time="12.543"/>
  <testcase classname="tests.LoginTest" name="loginTest_validCredentials" time="13.438"/>
  <testcase classname="tests.ActivityTest" name="activity_createActivity" time="22.616"/>
  <testcase classname="tests.ActivityTest" name="activity_searchActivity" time="10.191"/>
  <testcase classname="tests.ActivityTest" name="activity_createSubActivity" time="20.431"/>
  <testcase classname="tests.ActivityTest" name="activity_deleteActivity" time="3.442"/>
  <testcase classname="tests.AdventureTest" name="adventure_createAdventure" time="58.215"/>
  <testcase classname="tests.AdventureTest" name="adventure_searchAdventure" time="11.553"/>
  <testcase classname="tests.AdventureTest" name="adventure_viewAdventure" time="4.391"/>
</testsuite> <!-- Command line test -->
