<?xml version="1.0" encoding="UTF-8"?>
<testng-results ignored="0" total="2" passed="2" failed="0" skipped="0">
  <reporter-output>
  </reporter-output>
  <suite started-at="2024-09-08T20:47:28 NPT" name="Default suite" finished-at="2024-09-08T20:47:56 NPT" duration-ms="27724">
    <groups>
    </groups>
    <test started-at="2024-09-08T20:47:28 NPT" name="Default test" finished-at="2024-09-08T20:47:56 NPT" duration-ms="27724">
      <class name="tests.SmokeTest">
        <test-method is-config="true" signature="setup()[pri:0, instance:tests.SmokeTest@7ec7ffd3]" started-at="2024-09-08T20:47:28 NPT" name="setup" finished-at="2024-09-08T20:47:31 NPT" duration-ms="2436" status="PASS">
          <reporter-output>
          </reporter-output>
        </test-method> <!-- setup -->
        <test-method signature="loginTest_invalidCredentials()[pri:1, instance:tests.SmokeTest@7ec7ffd3]" started-at="2024-09-08T20:47:31 NPT" name="loginTest_invalidCredentials" finished-at="2024-09-08T20:47:43 NPT" duration-ms="11862" status="PASS">
          <reporter-output>
          </reporter-output>
        </test-method> <!-- loginTest_invalidCredentials -->
        <test-method signature="loginTest_validCredentials()[pri:2, instance:tests.SmokeTest@7ec7ffd3]" started-at="2024-09-08T20:47:43 NPT" name="loginTest_validCredentials" finished-at="2024-09-08T20:47:55 NPT" duration-ms="12712" status="PASS">
          <reporter-output>
          </reporter-output>
        </test-method> <!-- loginTest_validCredentials -->
        <test-method is-config="true" signature="teardown()[pri:0, instance:tests.SmokeTest@7ec7ffd3]" started-at="2024-09-08T20:47:55 NPT" name="teardown" finished-at="2024-09-08T20:47:56 NPT" duration-ms="672" status="PASS">
          <reporter-output>
          </reporter-output>
        </test-method> <!-- teardown -->
      </class> <!-- tests.SmokeTest -->
    </test> <!-- Default test -->
  </suite> <!-- Default suite -->
</testng-results>
