<?xml version="1.0" encoding="UTF-8"?>
<testng-results ignored="0" total="2" passed="2" failed="0" skipped="0">
  <reporter-output>
  </reporter-output>
  <suite started-at="2024-09-09T23:57:04 NPT" name="Default suite" finished-at="2024-09-09T23:57:38 NPT" duration-ms="34605">
    <groups>
    </groups>
    <test started-at="2024-09-09T23:57:04 NPT" name="Default test" finished-at="2024-09-09T23:57:38 NPT" duration-ms="34605">
      <class name="tests.SmokeTest">
        <test-method is-config="true" signature="setup()[pri:0, instance:tests.SmokeTest@3b366632]" started-at="2024-09-09T23:57:04 NPT" name="setup" finished-at="2024-09-09T23:57:11 NPT" duration-ms="6877" status="PASS">
          <reporter-output>
          </reporter-output>
        </test-method> <!-- setup -->
        <test-method signature="loginTest_validCredentials()[pri:2, instance:tests.SmokeTest@3b366632]" started-at="2024-09-09T23:57:11 NPT" name="loginTest_validCredentials" finished-at="2024-09-09T23:57:28 NPT" duration-ms="17021" status="PASS">
          <reporter-output>
          </reporter-output>
        </test-method> <!-- loginTest_validCredentials -->
        <test-method signature="activity_searchActivity()[pri:4, instance:tests.SmokeTest@3b366632]" started-at="2024-09-09T23:57:28 NPT" name="activity_searchActivity" finished-at="2024-09-09T23:57:37 NPT" duration-ms="9309" status="PASS">
          <reporter-output>
          </reporter-output>
        </test-method> <!-- activity_searchActivity -->
        <test-method is-config="true" signature="teardown()[pri:0, instance:tests.SmokeTest@3b366632]" started-at="2024-09-09T23:57:37 NPT" name="teardown" finished-at="2024-09-09T23:57:38 NPT" duration-ms="1279" status="PASS">
          <reporter-output>
          </reporter-output>
        </test-method> <!-- teardown -->
      </class> <!-- tests.SmokeTest -->
    </test> <!-- Default test -->
  </suite> <!-- Default suite -->
</testng-results>
